# JRE version: Java(TM) SE Runtime Environment (8.0_66-b17) (build 1.8.0_66-b17)
# Java VM: Java HotSpot(TM) 64-Bit Server VM (25.66-b17 mixed mode windows-amd64 compressed oops)
Heap:
 PSYoungGen      total 100864K, used 91976K [0x00000000eab00000, 0x00000000f4580000, 0x0000000100000000)
  eden space 90112K, 100% used [0x00000000eab00000,0x00000000f0300000,0x00000000f0300000)
  from space 10752K, 17% used [0x00000000f0300000,0x00000000f04d2100,0x00000000f0d80000)
  to   space 14336K, 0% used [0x00000000f3780000,0x00000000f3780000,0x00000000f4580000)
 ParOldGen       total 119296K, used 11475K [0x00000000c0000000, 0x00000000c7480000, 0x00000000eab00000)
  object space 119296K, 9% used [0x00000000c0000000,0x00000000c0b34da0,0x00000000c7480000)
 Metaspace       used 22170K, capacity 22732K, committed 22912K, reserved 1069056K
  class space    used 2934K, capacity 3109K, committed 3200K, reserved 1048576K
GC Heap History (10 events):
Event: 1.422 GC heap before
{Heap before GC invocations=2 (full 0):
 PSYoungGen      total 76288K, used 66898K [0x00000000eab00000, 0x00000000f0000000, 0x0000000100000000)
  eden space 65536K, 89% used [0x00000000eab00000,0x00000000ee442740,0x00000000eeb00000)
  from space 10752K, 76% used [0x00000000eeb00000,0x00000000ef312390,0x00000000ef580000)
  to   space 10752K, 0% used [0x00000000ef580000,0x00000000ef580000,0x00000000f0000000)
 ParOldGen       total 175104K, used 16K [0x00000000c0000000, 0x00000000cab00000, 0x00000000eab00000)
  object space 175104K, 0% used [0x00000000c0000000,0x00000000c0004000,0x00000000cab00000)
 Metaspace       used 20563K, capacity 21062K, committed 21296K, reserved 1067008K
  class space    used 2760K, capacity 2916K, committed 2944K, reserved 1048576K
Event: 1.434 GC heap after
Heap after GC invocations=2 (full 0):
 PSYoungGen      total 76288K, used 10733K [0x00000000eab00000, 0x00000000f4000000, 0x0000000100000000)
  eden space 65536K, 0% used [0x00000000eab00000,0x00000000eab00000,0x00000000eeb00000)
  from space 10752K, 99% used [0x00000000ef580000,0x00000000efffb728,0x00000000f0000000)
  to   space 10752K, 0% used [0x00000000eeb00000,0x00000000eeb00000,0x00000000ef580000)
 ParOldGen       total 175104K, used 1114K [0x00000000c0000000, 0x00000000cab00000, 0x00000000eab00000)
  object space 175104K, 0% used [0x00000000c0000000,0x00000000c0116a18,0x00000000cab00000)
 Metaspace       used 20563K, capacity 21062K, committed 21296K, reserved 1067008K
  class space    used 2760K, capacity 2916K, committed 2944K, reserved 1048576K
}
Event: 1.434 GC heap before
{Heap before GC invocations=3 (full 1):
 PSYoungGen      total 76288K, used 10733K [0x00000000eab00000, 0x00000000f4000000, 0x0000000100000000)
  eden space 65536K, 0% used [0x00000000eab00000,0x00000000eab00000,0x00000000eeb00000)
  from space 10752K, 99% used [0x00000000ef580000,0x00000000efffb728,0x00000000f0000000)
  to   space 10752K, 0% used [0x00000000eeb00000,0x00000000eeb00000,0x00000000ef580000)
 ParOldGen       total 175104K, used 1114K [0x00000000c0000000, 0x00000000cab00000, 0x00000000eab00000)
  object space 175104K, 0% used [0x00000000c0000000,0x00000000c0116a18,0x00000000cab00000)
 Metaspace       used 20563K, capacity 21062K, committed 21296K, reserved 1067008K
  class space    used 2760K, capacity 2916K, committed 2944K, reserved 1048576K
Event: 1.464 GC heap after
Heap after GC invocations=3 (full 1):
 PSYoungGen      total 76288K, used 0K [0x00000000eab00000, 0x00000000f4000000, 0x0000000100000000)
  eden space 65536K, 0% used [0x00000000eab00000,0x00000000eab00000,0x00000000eeb00000)
  from space 10752K, 0% used [0x00000000ef580000,0x00000000ef580000,0x00000000f0000000)
  to   space 10752K, 0% used [0x00000000eeb00000,0x00000000eeb00000,0x00000000ef580000)
 ParOldGen       total 119296K, used 11459K [0x00000000c0000000, 0x00000000c7480000, 0x00000000eab00000)
  object space 119296K, 9% used [0x00000000c0000000,0x00000000c0b30da0,0x00000000c7480000)
 Metaspace       used 20563K, capacity 21062K, committed 21296K, reserved 1067008K
  class space    used 2760K, capacity 2916K, committed 2944K, reserved 1048576K
}
Event: 1.705 GC heap before
{Heap before GC invocations=4 (full 1):
 PSYoungGen      total 76288K, used 65536K [0x00000000eab00000, 0x00000000f4000000, 0x0000000100000000)
  eden space 65536K, 100% used [0x00000000eab00000,0x00000000eeb00000,0x00000000eeb00000)
  from space 10752K, 0% used [0x00000000ef580000,0x00000000ef580000,0x00000000f0000000)
  to   space 10752K, 0% used [0x00000000eeb00000,0x00000000eeb00000,0x00000000ef580000)
 ParOldGen       total 119296K, used 11459K [0x00000000c0000000, 0x00000000c7480000, 0x00000000eab00000)
  object space 119296K, 9% used [0x00000000c0000000,0x00000000c0b30da0,0x00000000c7480000)
 Metaspace       used 22140K, capacity 22668K, committed 22912K, reserved 1069056K
  class space    used 2932K, capacity 3109K, committed 3200K, reserved 1048576K
Event: 1.708 GC heap after
Heap after GC invocations=4 (full 1):
 PSYoungGen      total 76288K, used 1995K [0x00000000eab00000, 0x00000000f1800000, 0x0000000100000000)
  eden space 65536K, 0% used [0x00000000eab00000,0x00000000eab00000,0x00000000eeb00000)
  from space 10752K, 18% used [0x00000000eeb00000,0x00000000eecf2e68,0x00000000ef580000)
  to   space 10752K, 0% used [0x00000000f0d80000,0x00000000f0d80000,0x00000000f1800000)
 ParOldGen       total 119296K, used 11459K [0x00000000c0000000, 0x00000000c7480000, 0x00000000eab00000)
  object space 119296K, 9% used [0x00000000c0000000,0x00000000c0b30da0,0x00000000c7480000)
 Metaspace       used 22140K, capacity 22668K, committed 22912K, reserved 1069056K
  class space    used 2932K, capacity 3109K, committed 3200K, reserved 1048576K
}
Event: 1.837 GC heap before
{Heap before GC invocations=5 (full 1):
 PSYoungGen      total 76288K, used 67531K [0x00000000eab00000, 0x00000000f1800000, 0x0000000100000000)
  eden space 65536K, 100% used [0x00000000eab00000,0x00000000eeb00000,0x00000000eeb00000)
  from space 10752K, 18% used [0x00000000eeb00000,0x00000000eecf2e68,0x00000000ef580000)
  to   space 10752K, 0% used [0x00000000f0d80000,0x00000000f0d80000,0x00000000f1800000)
 ParOldGen       total 119296K, used 11459K [0x00000000c0000000, 0x00000000c7480000, 0x00000000eab00000)
  object space 119296K, 9% used [0x00000000c0000000,0x00000000c0b30da0,0x00000000c7480000)
 Metaspace       used 22141K, capacity 22668K, committed 22912K, reserved 1069056K
  class space    used 2932K, capacity 3109K, committed 3200K, reserved 1048576K
Event: 1.839 GC heap after
Heap after GC invocations=5 (full 1):
 PSYoungGen      total 100864K, used 1396K [0x00000000eab00000, 0x00000000f1800000, 0x0000000100000000)
  eden space 90112K, 0% used [0x00000000eab00000,0x00000000eab00000,0x00000000f0300000)
  from space 10752K, 12% used [0x00000000f0d80000,0x00000000f0edd110,0x00000000f1800000)
  to   space 10752K, 0% used [0x00000000f0300000,0x00000000f0300000,0x00000000f0d80000)
 ParOldGen       total 119296K, used 11467K [0x00000000c0000000, 0x00000000c7480000, 0x00000000eab00000)
  object space 119296K, 9% used [0x00000000c0000000,0x00000000c0b32da0,0x00000000c7480000)
 Metaspace       used 22141K, capacity 22668K, committed 22912K, reserved 1069056K
  class space    used 2932K, capacity 3109K, committed 3200K, reserved 1048576K
}
Event: 2.009 GC heap before
{Heap before GC invocations=6 (full 1):
 PSYoungGen      total 100864K, used 91508K [0x00000000eab00000, 0x00000000f1800000, 0x0000000100000000)
  eden space 90112K, 100% used [0x00000000eab00000,0x00000000f0300000,0x00000000f0300000)
  from space 10752K, 12% used [0x00000000f0d80000,0x00000000f0edd110,0x00000000f1800000)
  to   space 10752K, 0% used [0x00000000f0300000,0x00000000f0300000,0x00000000f0d80000)
 ParOldGen       total 119296K, used 11467K [0x00000000c0000000, 0x00000000c7480000, 0x00000000eab00000)
  object space 119296K, 9% used [0x00000000c0000000,0x00000000c0b32da0,0x00000000c7480000)
 Metaspace       used 22167K, capacity 22732K, committed 22912K, reserved 1069056K
  class space    used 2934K, capacity 3109K, committed 3200K, reserved 1048576K
Event: 2.014 GC heap after
Heap after GC invocations=6 (full 1):
 PSYoungGen      total 100864K, used 1864K [0x00000000eab00000, 0x00000000f4580000, 0x0000000100000000)
  eden space 90112K, 0% used [0x00000000eab00000,0x00000000eab00000,0x00000000f0300000)
  from space 10752K, 17% used [0x00000000f0300000,0x00000000f04d2100,0x00000000f0d80000)
  to   space 14336K, 0% used [0x00000000f3780000,0x00000000f3780000,0x00000000f4580000)
 ParOldGen       total 119296K, used 11475K [0x00000000c0000000, 0x00000000c7480000, 0x00000000eab00000)
  object space 119296K, 9% used [0x00000000c0000000,0x00000000c0b34da0,0x00000000c7480000)
 Metaspace       used 22167K, capacity 22732K, committed 22912K, reserved 1069056K
  class space    used 2934K, capacity 3109K, committed 3200K, reserved 1048576K
}

